2018-06-29 17:17:46 [scrapy.utils.log] INFO: Scrapy 1.5.0 started (bot: dongguan)
2018-06-29 17:17:46 [scrapy.utils.log] INFO: Versions: lxml 4.2.3.0, libxml2 2.9.8, cssselect 1.0.3, parsel 1.4.0, w3lib 1.19.0, Twisted 18.4.0, Python 2.7.12 (default, Dec  4 2017, 14:50:18) - [GCC 5.4.0 20160609], pyOpenSSL 18.0.0 (OpenSSL 1.1.0h  27 Mar 2018), cryptography 2.2.2, Platform Linux-4.4.0-130-generic-i686-with-Ubuntu-16.04-xenial
2018-06-29 17:17:46 [scrapy.crawler] INFO: Overridden settings: {'NEWSPIDER_MODULE': 'dongguan.spiders', 'ROBOTSTXT_OBEY': True, 'SPIDER_MODULES': ['dongguan.spiders'], 'LOG_FILE': 'sun.log', 'BOT_NAME': 'dongguan'}
2018-06-29 17:17:46 [scrapy.middleware] INFO: Enabled extensions:
['scrapy.extensions.memusage.MemoryUsage',
 'scrapy.extensions.logstats.LogStats',
 'scrapy.extensions.telnet.TelnetConsole',
 'scrapy.extensions.corestats.CoreStats']
2018-06-29 17:17:46 [scrapy.middleware] INFO: Enabled downloader middlewares:
['scrapy.downloadermiddlewares.robotstxt.RobotsTxtMiddleware',
 'scrapy.downloadermiddlewares.httpauth.HttpAuthMiddleware',
 'scrapy.downloadermiddlewares.downloadtimeout.DownloadTimeoutMiddleware',
 'scrapy.downloadermiddlewares.defaultheaders.DefaultHeadersMiddleware',
 'scrapy.downloadermiddlewares.useragent.UserAgentMiddleware',
 'scrapy.downloadermiddlewares.retry.RetryMiddleware',
 'scrapy.downloadermiddlewares.redirect.MetaRefreshMiddleware',
 'scrapy.downloadermiddlewares.httpcompression.HttpCompressionMiddleware',
 'scrapy.downloadermiddlewares.redirect.RedirectMiddleware',
 'scrapy.downloadermiddlewares.cookies.CookiesMiddleware',
 'scrapy.downloadermiddlewares.httpproxy.HttpProxyMiddleware',
 'scrapy.downloadermiddlewares.stats.DownloaderStats']
2018-06-29 17:17:46 [scrapy.middleware] INFO: Enabled spider middlewares:
['scrapy.spidermiddlewares.httperror.HttpErrorMiddleware',
 'scrapy.spidermiddlewares.offsite.OffsiteMiddleware',
 'scrapy.spidermiddlewares.referer.RefererMiddleware',
 'scrapy.spidermiddlewares.urllength.UrlLengthMiddleware',
 'scrapy.spidermiddlewares.depth.DepthMiddleware']
2018-06-29 17:17:46 [scrapy.middleware] INFO: Enabled item pipelines:
['dongguan.pipelines.DongguanPipeline']
2018-06-29 17:17:46 [scrapy.core.engine] INFO: Spider opened
2018-06-29 17:17:46 [scrapy.extensions.logstats] INFO: Crawled 0 pages (at 0 pages/min), scraped 0 items (at 0 items/min)
2018-06-29 17:17:46 [scrapy.extensions.telnet] DEBUG: Telnet console listening on 127.0.0.1:6023
2018-06-29 17:17:46 [scrapy.downloadermiddlewares.redirect] DEBUG: Redirecting (302) to <GET http://www.sun0769.com/error/404.htm> from <GET http://d.wz.sun0769.com/robots.txt>
2018-06-29 17:17:46 [scrapy.core.engine] DEBUG: Crawled (200) <GET http://www.sun0769.com/error/404.htm> (referer: None)
2018-06-29 17:17:47 [scrapy.core.engine] DEBUG: Crawled (200) <GET http://d.wz.sun0769.com/index.php/question/questionType?type=4&page=> (referer: None)
2018-06-29 17:17:48 [scrapy.downloadermiddlewares.redirect] DEBUG: Redirecting (302) to <GET http://www.sun0769.com/error/404.htm> from <GET http://wz.sun0769.com/robots.txt>
2018-06-29 17:17:48 [scrapy.core.engine] DEBUG: Crawled (200) <GET http://www.sun0769.com/error/404.htm> (referer: None)
2018-06-29 17:17:48 [scrapy.core.engine] DEBUG: Crawled (200) <GET http://wz.sun0769.com/html/question/201806/376982.shtml> (referer: http://d.wz.sun0769.com/index.php/question/questionType?type=4&page=)
2018-06-29 17:17:48 [scrapy.core.engine] DEBUG: Crawled (200) <GET http://wz.sun0769.com/html/question/201806/376936.shtml> (referer: http://d.wz.sun0769.com/index.php/question/questionType?type=4&page=)
2018-06-29 17:17:48 [scrapy.core.engine] DEBUG: Crawled (200) <GET http://wz.sun0769.com/html/question/201806/376932.shtml> (referer: http://d.wz.sun0769.com/index.php/question/questionType?type=4&page=)
2018-06-29 17:17:48 [scrapy.core.engine] DEBUG: Crawled (200) <GET http://wz.sun0769.com/html/question/201806/376938.shtml> (referer: http://d.wz.sun0769.com/index.php/question/questionType?type=4&page=)
2018-06-29 17:17:48 [scrapy.core.engine] DEBUG: Crawled (200) <GET http://wz.sun0769.com/html/question/201806/376937.shtml> (referer: http://d.wz.sun0769.com/index.php/question/questionType?type=4&page=)
2018-06-29 17:17:48 [scrapy.core.engine] DEBUG: Crawled (200) <GET http://wz.sun0769.com/html/question/201806/376935.shtml> (referer: http://d.wz.sun0769.com/index.php/question/questionType?type=4&page=)
2018-06-29 17:17:48 [scrapy.core.scraper] DEBUG: Scraped from <200 http://wz.sun0769.com/html/question/201806/376982.shtml>
None
2018-06-29 17:17:48 [scrapy.core.scraper] DEBUG: Scraped from <200 http://wz.sun0769.com/html/question/201806/376936.shtml>
None
2018-06-29 17:17:48 [scrapy.core.scraper] DEBUG: Scraped from <200 http://wz.sun0769.com/html/question/201806/376932.shtml>
None
2018-06-29 17:17:48 [scrapy.core.engine] DEBUG: Crawled (200) <GET http://wz.sun0769.com/html/question/201806/376924.shtml> (referer: http://d.wz.sun0769.com/index.php/question/questionType?type=4&page=)
2018-06-29 17:17:48 [scrapy.core.engine] DEBUG: Crawled (200) <GET http://wz.sun0769.com/html/question/201806/376940.shtml> (referer: http://d.wz.sun0769.com/index.php/question/questionType?type=4&page=)
2018-06-29 17:17:48 [scrapy.core.scraper] DEBUG: Scraped from <200 http://wz.sun0769.com/html/question/201806/376938.shtml>
None
2018-06-29 17:17:48 [scrapy.core.scraper] DEBUG: Scraped from <200 http://wz.sun0769.com/html/question/201806/376937.shtml>
None
2018-06-29 17:17:48 [scrapy.core.scraper] DEBUG: Scraped from <200 http://wz.sun0769.com/html/question/201806/376935.shtml>
None
2018-06-29 17:17:48 [scrapy.core.engine] DEBUG: Crawled (200) <GET http://wz.sun0769.com/html/question/201806/376934.shtml> (referer: http://d.wz.sun0769.com/index.php/question/questionType?type=4&page=)
2018-06-29 17:17:48 [scrapy.core.engine] DEBUG: Crawled (200) <GET http://wz.sun0769.com/html/question/201806/376929.shtml> (referer: http://d.wz.sun0769.com/index.php/question/questionType?type=4&page=)
2018-06-29 17:17:48 [scrapy.core.engine] DEBUG: Crawled (200) <GET http://wz.sun0769.com/html/question/201806/376939.shtml> (referer: http://d.wz.sun0769.com/index.php/question/questionType?type=4&page=)
2018-06-29 17:17:48 [scrapy.core.engine] DEBUG: Crawled (200) <GET http://wz.sun0769.com/html/question/201806/376933.shtml> (referer: http://d.wz.sun0769.com/index.php/question/questionType?type=4&page=)
2018-06-29 17:17:48 [scrapy.core.scraper] DEBUG: Scraped from <200 http://wz.sun0769.com/html/question/201806/376924.shtml>
None
2018-06-29 17:17:48 [scrapy.core.engine] DEBUG: Crawled (200) <GET http://wz.sun0769.com/html/question/201806/376941.shtml> (referer: http://d.wz.sun0769.com/index.php/question/questionType?type=4&page=)
2018-06-29 17:17:48 [scrapy.core.engine] DEBUG: Crawled (200) <GET http://wz.sun0769.com/html/question/201806/376943.shtml> (referer: http://d.wz.sun0769.com/index.php/question/questionType?type=4&page=)
2018-06-29 17:17:48 [scrapy.core.scraper] DEBUG: Scraped from <200 http://wz.sun0769.com/html/question/201806/376940.shtml>
None
2018-06-29 17:17:48 [scrapy.core.engine] DEBUG: Crawled (200) <GET http://wz.sun0769.com/html/question/201806/376897.shtml> (referer: http://d.wz.sun0769.com/index.php/question/questionType?type=4&page=)
2018-06-29 17:17:48 [scrapy.core.scraper] DEBUG: Scraped from <200 http://wz.sun0769.com/html/question/201806/376934.shtml>
None
2018-06-29 17:17:48 [scrapy.core.scraper] DEBUG: Scraped from <200 http://wz.sun0769.com/html/question/201806/376929.shtml>
None
2018-06-29 17:17:48 [scrapy.core.scraper] DEBUG: Scraped from <200 http://wz.sun0769.com/html/question/201806/376939.shtml>
None
2018-06-29 17:17:48 [scrapy.core.scraper] DEBUG: Scraped from <200 http://wz.sun0769.com/html/question/201806/376933.shtml>
None
2018-06-29 17:17:48 [scrapy.core.engine] DEBUG: Crawled (200) <GET http://wz.sun0769.com/html/question/201806/376946.shtml> (referer: http://d.wz.sun0769.com/index.php/question/questionType?type=4&page=)
2018-06-29 17:17:48 [scrapy.core.scraper] DEBUG: Scraped from <200 http://wz.sun0769.com/html/question/201806/376941.shtml>
None
2018-06-29 17:17:48 [scrapy.core.scraper] DEBUG: Scraped from <200 http://wz.sun0769.com/html/question/201806/376943.shtml>
None
2018-06-29 17:17:48 [scrapy.core.scraper] DEBUG: Scraped from <200 http://wz.sun0769.com/html/question/201806/376897.shtml>
None
2018-06-29 17:17:49 [scrapy.core.scraper] DEBUG: Scraped from <200 http://wz.sun0769.com/html/question/201806/376946.shtml>
None
2018-06-29 17:17:49 [scrapy.core.engine] DEBUG: Crawled (200) <GET http://wz.sun0769.com/html/question/201806/376951.shtml> (referer: http://d.wz.sun0769.com/index.php/question/questionType?type=4&page=)
2018-06-29 17:17:49 [scrapy.core.engine] DEBUG: Crawled (200) <GET http://wz.sun0769.com/html/question/201806/376894.shtml> (referer: http://d.wz.sun0769.com/index.php/question/questionType?type=4&page=)
2018-06-29 17:17:49 [scrapy.core.engine] DEBUG: Crawled (200) <GET http://wz.sun0769.com/html/question/201806/376952.shtml> (referer: http://d.wz.sun0769.com/index.php/question/questionType?type=4&page=)
2018-06-29 17:17:49 [scrapy.core.engine] DEBUG: Crawled (200) <GET http://wz.sun0769.com/html/question/201806/376953.shtml> (referer: http://d.wz.sun0769.com/index.php/question/questionType?type=4&page=)
2018-06-29 17:17:49 [scrapy.core.engine] DEBUG: Crawled (200) <GET http://wz.sun0769.com/html/question/201806/376945.shtml> (referer: http://d.wz.sun0769.com/index.php/question/questionType?type=4&page=)
2018-06-29 17:17:49 [scrapy.core.engine] DEBUG: Crawled (200) <GET http://wz.sun0769.com/html/question/201806/376959.shtml> (referer: http://d.wz.sun0769.com/index.php/question/questionType?type=4&page=)
2018-06-29 17:17:49 [scrapy.core.engine] DEBUG: Crawled (200) <GET http://wz.sun0769.com/html/question/201806/376972.shtml> (referer: http://d.wz.sun0769.com/index.php/question/questionType?type=4&page=)
2018-06-29 17:17:49 [scrapy.core.engine] DEBUG: Crawled (200) <GET http://wz.sun0769.com/html/question/201806/376977.shtml> (referer: http://d.wz.sun0769.com/index.php/question/questionType?type=4&page=)
2018-06-29 17:17:49 [scrapy.core.engine] DEBUG: Crawled (200) <GET http://wz.sun0769.com/html/question/201806/376973.shtml> (referer: http://d.wz.sun0769.com/index.php/question/questionType?type=4&page=)
2018-06-29 17:17:49 [scrapy.core.engine] DEBUG: Crawled (200) <GET http://wz.sun0769.com/html/question/201806/376976.shtml> (referer: http://d.wz.sun0769.com/index.php/question/questionType?type=4&page=)
2018-06-29 17:17:49 [scrapy.core.engine] DEBUG: Crawled (200) <GET http://wz.sun0769.com/html/question/201806/376980.shtml> (referer: http://d.wz.sun0769.com/index.php/question/questionType?type=4&page=)
2018-06-29 17:17:49 [scrapy.core.scraper] DEBUG: Scraped from <200 http://wz.sun0769.com/html/question/201806/376951.shtml>
None
2018-06-29 17:17:49 [scrapy.core.scraper] DEBUG: Scraped from <200 http://wz.sun0769.com/html/question/201806/376894.shtml>
None
2018-06-29 17:17:49 [scrapy.core.scraper] DEBUG: Scraped from <200 http://wz.sun0769.com/html/question/201806/376952.shtml>
None
2018-06-29 17:17:49 [scrapy.core.scraper] DEBUG: Scraped from <200 http://wz.sun0769.com/html/question/201806/376953.shtml>
None
2018-06-29 17:17:49 [scrapy.core.scraper] DEBUG: Scraped from <200 http://wz.sun0769.com/html/question/201806/376945.shtml>
None
2018-06-29 17:17:49 [scrapy.core.scraper] DEBUG: Scraped from <200 http://wz.sun0769.com/html/question/201806/376959.shtml>
None
2018-06-29 17:17:49 [scrapy.core.scraper] DEBUG: Scraped from <200 http://wz.sun0769.com/html/question/201806/376972.shtml>
None
2018-06-29 17:17:49 [scrapy.core.scraper] DEBUG: Scraped from <200 http://wz.sun0769.com/html/question/201806/376977.shtml>
None
2018-06-29 17:17:49 [scrapy.core.engine] DEBUG: Crawled (200) <GET http://wz.sun0769.com/html/question/201806/376954.shtml> (referer: http://d.wz.sun0769.com/index.php/question/questionType?type=4&page=)
2018-06-29 17:17:49 [scrapy.core.engine] DEBUG: Crawled (200) <GET http://wz.sun0769.com/html/question/201806/376958.shtml> (referer: http://d.wz.sun0769.com/index.php/question/questionType?type=4&page=)
2018-06-29 17:17:49 [scrapy.core.scraper] DEBUG: Scraped from <200 http://wz.sun0769.com/html/question/201806/376973.shtml>
None
2018-06-29 17:17:49 [scrapy.core.scraper] DEBUG: Scraped from <200 http://wz.sun0769.com/html/question/201806/376976.shtml>
None
2018-06-29 17:17:49 [scrapy.core.engine] DEBUG: Crawled (200) <GET http://wz.sun0769.com/html/question/201806/376966.shtml> (referer: http://d.wz.sun0769.com/index.php/question/questionType?type=4&page=)
2018-06-29 17:17:49 [scrapy.core.scraper] DEBUG: Scraped from <200 http://wz.sun0769.com/html/question/201806/376980.shtml>
None
2018-06-29 17:17:49 [scrapy.core.scraper] DEBUG: Scraped from <200 http://wz.sun0769.com/html/question/201806/376954.shtml>
None
2018-06-29 17:17:49 [scrapy.core.scraper] DEBUG: Scraped from <200 http://wz.sun0769.com/html/question/201806/376958.shtml>
None
2018-06-29 17:17:49 [scrapy.core.scraper] DEBUG: Scraped from <200 http://wz.sun0769.com/html/question/201806/376966.shtml>
None
2018-06-29 17:17:49 [scrapy.core.engine] INFO: Closing spider (finished)
2018-06-29 17:17:49 [scrapy.statscollectors] INFO: Dumping Scrapy stats:
{'downloader/request_bytes': 14376,
 'downloader/request_count': 35,
 'downloader/request_method_count/GET': 35,
 'downloader/response_bytes': 311039,
 'downloader/response_count': 35,
 'downloader/response_status_count/200': 33,
 'downloader/response_status_count/302': 2,
 'finish_reason': 'finished',
 'finish_time': datetime.datetime(2018, 6, 29, 9, 17, 49, 455656),
 'item_scraped_count': 30,
 'log_count/DEBUG': 66,
 'log_count/INFO': 7,
 'memusage/max': 34983936,
 'memusage/startup': 34983936,
 'request_depth_max': 1,
 'response_received_count': 33,
 'scheduler/dequeued': 31,
 'scheduler/dequeued/memory': 31,
 'scheduler/enqueued': 31,
 'scheduler/enqueued/memory': 31,
 'start_time': datetime.datetime(2018, 6, 29, 9, 17, 46, 307505)}
2018-06-29 17:17:49 [scrapy.core.engine] INFO: Spider closed (finished)
