2018-07-06 16:27:57 [scrapy.utils.log] INFO: Scrapy 1.5.0 started (bot: tencenls)
2018-07-06 16:27:57 [scrapy.utils.log] INFO: Versions: lxml 4.2.3.0, libxml2 2.9.8, cssselect 1.0.3, parsel 1.4.0, w3lib 1.19.0, Twisted 18.4.0, Python 2.7.12 (default, Dec  4 2017, 14:50:18) - [GCC 5.4.0 20160609], pyOpenSSL 18.0.0 (OpenSSL 1.1.0h  27 Mar 2018), cryptography 2.2.2, Platform Linux-4.4.0-130-generic-i686-with-Ubuntu-16.04-xenial
2018-07-06 16:27:57 [scrapy.crawler] INFO: Overridden settings: {'NEWSPIDER_MODULE': 'tencenls.spiders', 'LOG_LEVEL': 'INFO', 'DUPEFILTER_CLASS': 'scrapy_redis.dupefilter.RFPDupeFilter', 'SPIDER_LOADER_WARN_ONLY': True, 'SPIDER_MODULES': ['tencenls.spiders'], 'BOT_NAME': 'tencenls', 'SCHEDULER': 'scrapy_redis.scheduler.Scheduler', 'LOG_FILE': 'TencentSpider.log'}
2018-07-06 16:27:57 [scrapy.middleware] INFO: Enabled extensions:
['scrapy.extensions.memusage.MemoryUsage',
 'scrapy.extensions.logstats.LogStats',
 'scrapy.extensions.telnet.TelnetConsole',
 'scrapy.extensions.corestats.CoreStats']
2018-07-06 16:27:57 [tc] INFO: Reading start URLs from redis key 'tcspider:start_urls' (batch size: 16, encoding: utf-8
2018-07-06 16:27:59 [scrapy.middleware] INFO: Enabled downloader middlewares:
['scrapy.downloadermiddlewares.retry.RetryMiddleware',
 'tencenls.middlewares.RandomUserAgent',
 'tencenls.middlewares.RandomProxy',
 'scrapy.downloadermiddlewares.httpauth.HttpAuthMiddleware',
 'scrapy.downloadermiddlewares.downloadtimeout.DownloadTimeoutMiddleware',
 'scrapy.downloadermiddlewares.defaultheaders.DefaultHeadersMiddleware',
 'scrapy.downloadermiddlewares.redirect.MetaRefreshMiddleware',
 'scrapy.downloadermiddlewares.httpcompression.HttpCompressionMiddleware',
 'scrapy.downloadermiddlewares.redirect.RedirectMiddleware',
 'scrapy.downloadermiddlewares.cookies.CookiesMiddleware',
 'scrapy.downloadermiddlewares.httpproxy.HttpProxyMiddleware',
 'scrapy.downloadermiddlewares.stats.DownloaderStats']
2018-07-06 16:27:59 [scrapy.middleware] INFO: Enabled spider middlewares:
['scrapy.spidermiddlewares.httperror.HttpErrorMiddleware',
 'scrapy.spidermiddlewares.offsite.OffsiteMiddleware',
 'scrapy.spidermiddlewares.referer.RefererMiddleware',
 'scrapy.spidermiddlewares.urllength.UrlLengthMiddleware',
 'scrapy.spidermiddlewares.depth.DepthMiddleware']
2018-07-06 16:27:59 [scrapy.middleware] INFO: Enabled item pipelines:
['tencenls.pipelines.TencenlsPipeline', 'scrapy_redis.pipelines.RedisPipeline']
2018-07-06 16:27:59 [scrapy.core.engine] INFO: Spider opened
2018-07-06 16:27:59 [scrapy.extensions.logstats] INFO: Crawled 0 pages (at 0 pages/min), scraped 0 items (at 0 items/min)
2018-07-06 16:28:40 [scrapy.core.scraper] ERROR: Error downloading <GET http://hr.tencent.com/position.php?&start=0>: invalid hostname: ERROR(-12):
2018-07-06 16:28:50 [scrapy.crawler] INFO: Received SIGINT, shutting down gracefully. Send again to force 
2018-07-06 16:28:50 [scrapy.core.engine] INFO: Closing spider (shutdown)
2018-07-06 16:28:50 [scrapy.statscollectors] INFO: Dumping Scrapy stats:
{'downloader/exception_count': 1,
 'downloader/exception_type_count/exceptions.ValueError': 1,
 'downloader/request_bytes': 507,
 'downloader/request_count': 1,
 'downloader/request_method_count/GET': 1,
 'finish_reason': 'shutdown',
 'finish_time': datetime.datetime(2018, 7, 6, 8, 28, 50, 476600),
 'log_count/ERROR': 1,
 'log_count/INFO': 9,
 'memusage/max': 37720064,
 'memusage/startup': 37720064,
 'scheduler/dequeued/redis': 1,
 'scheduler/enqueued/redis': 1,
 'start_time': datetime.datetime(2018, 7, 6, 8, 27, 59, 954591)}
2018-07-06 16:28:50 [scrapy.core.engine] INFO: Spider closed (shutdown)
